SF:lib\main.dart
DA:17,2
DA:18,2
DA:20,2
DA:21,1
DA:22,1
DA:23,1
DA:30,2
DA:36,2
DA:38,2
DA:39,2
DA:43,2
DA:45,2
DA:50,2
DA:51,2
DA:52,2
DA:53,2
DA:54,2
DA:57,2
DA:58,2
LF:19
LH:19
end_of_record
SF:lib\auth\bloc\kala_user_bloc.dart
DA:15,1
DA:16,1
DA:17,1
DA:24,0
DA:26,0
DA:30,1
DA:32,1
DA:36,1
DA:37,3
DA:38,2
DA:39,0
DA:42,1
DA:43,1
DA:44,3
DA:48,2
DA:49,1
DA:50,0
DA:51,0
DA:52,0
DA:53,0
DA:55,2
DA:56,0
DA:59,2
DA:60,1
DA:61,3
DA:62,3
DA:65,1
DA:69,1
DA:70,3
DA:71,1
DA:72,1
DA:73,3
DA:74,1
DA:75,2
DA:76,1
DA:77,1
DA:80,2
DA:82,1
DA:87,1
DA:89,2
DA:91,3
DA:92,0
DA:93,1
DA:94,1
DA:95,1
DA:97,1
DA:101,0
DA:102,0
DA:106,0
LF:49
LH:37
end_of_record
SF:lib\auth\models\kala_user.dart
DA:14,1
DA:20,1
DA:24,1
DA:25,2
DA:26,2
DA:28,1
DA:32,1
DA:33,1
DA:34,1
DA:35,1
DA:36,1
DA:37,1
DA:41,1
DA:42,1
DA:43,1
DA:44,1
DA:45,1
DA:46,1
DA:50,0
DA:52,0
DA:53,0
DA:55,0
DA:57,0
DA:60,1
DA:64,1
DA:65,3
DA:66,3
DA:67,3
DA:68,3
DA:71,0
DA:73,0
DA:74,0
DA:75,0
DA:76,0
DA:79,0
DA:85,0
DA:86,0
DA:87,0
DA:88,0
DA:89,0
LF:40
LH:24
end_of_record
SF:lib\auth\social_integration\google.dart
DA:6,0
DA:9,0
DA:13,0
DA:16,0
DA:17,0
DA:18,0
DA:23,0
DA:24,0
DA:25,0
DA:29,0
DA:30,0
LF:11
LH:0
end_of_record
SF:lib\auth\widgets\auth_page.dart
DA:9,2
DA:11,2
DA:13,2
DA:14,2
DA:15,2
DA:17,2
DA:19,2
DA:20,2
DA:21,2
DA:23,2
DA:25,6
DA:27,2
DA:28,2
DA:30,2
DA:31,2
DA:32,4
DA:35,1
DA:36,1
DA:37,1
DA:40,1
DA:41,2
DA:42,1
DA:46,2
DA:47,2
DA:49,2
DA:50,2
LF:26
LH:26
end_of_record
SF:lib\utils\widgets\buttons\curved_mono_button.dart
DA:9,2
DA:16,2
DA:17,2
DA:19,2
DA:20,2
DA:21,2
DA:22,2
DA:23,2
DA:24,2
DA:25,2
DA:26,2
DA:30,2
DA:32,2
DA:33,2
DA:34,6
LF:15
LH:15
end_of_record
SF:lib\utils\widgets\offwhite_scaffold.dart
DA:6,2
DA:10,2
DA:13,2
DA:17,2
DA:19,2
DA:21,2
DA:23,2
DA:30,0
DA:34,0
LF:9
LH:7
end_of_record
SF:lib\utils\widgets\app_bar\back_app_bar.dart
DA:6,0
DA:8,0
DA:10,0
DA:11,0
DA:12,0
DA:14,0
DA:17,0
DA:19,0
DA:21,0
DA:22,0
DA:28,0
DA:29,0
DA:33,0
DA:35,0
LF:14
LH:0
end_of_record
SF:lib\config\firebase\firebase.dart
DA:7,2
LF:1
LH:1
end_of_record
SF:lib\config\nav\router.dart
DA:6,0
DA:7,0
DA:8,0
DA:9,0
DA:11,0
LF:5
LH:0
end_of_record
SF:lib\startup\route_decider.dart
DA:3,0
LF:1
LH:0
end_of_record
SF:lib\startup\splash.dart
DA:6,2
DA:8,0
DA:10,0
DA:11,0
DA:12,0
DA:15,0
LF:6
LH:1
end_of_record
SF:lib\config\theme\text_styles\button.dart
DA:6,6
DA:7,2
LF:2
LH:2
end_of_record
SF:lib\config\theme\text_styles\heading.dart
DA:6,4
DA:7,4
LF:2
LH:2
end_of_record
SF:lib\config\theme\theme.dart
DA:7,6
DA:10,2
DA:11,2
DA:12,2
DA:15,0
LF:5
LH:4
end_of_record
