SF:lib\auth\bloc\kala_user_bloc.dart
DA:19,1
DA:20,2
DA:21,1
DA:24,2
DA:25,2
DA:26,4
DA:31,0
DA:33,0
DA:34,0
DA:37,0
DA:39,0
DA:42,1
DA:43,1
DA:44,0
DA:45,0
DA:46,0
DA:50,0
DA:55,1
DA:68,0
DA:69,0
DA:71,0
DA:72,0
DA:73,0
DA:74,0
DA:77,0
DA:78,0
DA:80,0
DA:81,0
DA:85,0
DA:86,0
DA:87,0
DA:88,0
DA:89,0
DA:90,0
DA:94,0
DA:95,0
DA:97,0
DA:98,0
DA:100,0
DA:101,0
DA:102,0
DA:103,0
DA:104,0
DA:107,0
DA:108,0
DA:109,0
DA:110,0
DA:111,0
DA:112,0
DA:113,0
DA:114,0
DA:115,0
DA:117,0
DA:121,0
DA:122,0
DA:126,0
DA:128,0
DA:130,0
DA:132,0
DA:133,0
DA:140,0
DA:142,0
DA:147,0
DA:148,0
DA:151,0
DA:154,0
DA:156,0
DA:157,0
DA:158,0
DA:159,0
DA:160,0
DA:162,0
DA:163,0
DA:164,0
DA:166,0
LF:75
LH:9
end_of_record
SF:lib\config\test_config\mocks\content_mocks.dart
DA:11,3
DA:16,3
DA:17,6
DA:18,3
DA:19,1
DA:20,3
DA:23,3
DA:27,3
DA:34,1
DA:38,2
DA:39,2
DA:40,1
DA:41,1
DA:42,3
DA:46,2
DA:50,2
DA:51,4
DA:52,0
DA:54,4
DA:55,4
DA:57,2
DA:58,2
DA:59,6
LF:23
LH:22
end_of_record
SF:lib\config\test_config\mocks\firebase_mocks.dart
DA:10,6
DA:18,0
DA:20,6
DA:22,0
DA:23,9
DA:25,0
DA:29,0
DA:30,0
DA:35,0
DA:36,0
DA:38,0
DA:39,0
DA:45,0
DA:46,0
DA:50,0
DA:51,0
DA:52,0
DA:54,0
DA:57,0
LF:19
LH:3
end_of_record
SF:lib\gallery\bloc\gallery_slide_bloc.dart
DA:15,2
DA:18,2
DA:24,0
DA:27,2
DA:28,6
DA:29,0
DA:30,0
DA:40,0
DA:41,0
DA:42,0
DA:45,2
DA:47,2
DA:50,2
DA:54,4
DA:55,2
DA:57,2
DA:58,2
DA:59,4
DA:61,6
DA:62,2
LF:20
LH:14
end_of_record
SF:lib\artist_page\add_new_content\bloc\add_new_content_bloc.dart
DA:18,1
DA:22,2
DA:23,4
DA:24,0
DA:27,0
DA:31,1
DA:32,1
DA:33,1
DA:34,1
DA:35,1
DA:43,1
DA:46,3
DA:47,2
DA:48,2
DA:52,6
DA:54,1
DA:55,3
DA:57,2
DA:61,1
DA:62,0
DA:63,3
DA:64,1
DA:65,2
DA:67,2
DA:68,0
DA:74,1
DA:75,1
DA:76,1
DA:77,2
DA:78,1
DA:79,1
DA:83,1
DA:84,1
DA:85,1
DA:86,2
DA:92,1
DA:93,2
DA:94,1
DA:95,2
DA:97,2
DA:98,2
DA:99,2
DA:104,0
DA:105,0
DA:106,0
DA:107,0
DA:113,1
DA:117,4
DA:120,1
DA:127,1
DA:128,1
DA:129,1
DA:132,1
DA:133,1
DA:134,2
DA:137,1
DA:138,3
DA:139,7
DA:141,3
DA:142,2
DA:143,1
DA:144,2
DA:145,2
DA:146,1
DA:148,1
DA:153,2
DA:154,0
DA:156,2
DA:161,1
DA:162,1
DA:166,1
DA:167,1
DA:168,2
LF:73
LH:64
end_of_record
SF:lib\artist_page\bloc\kala_user_content_bloc.dart
DA:24,2
DA:28,2
DA:29,2
DA:33,4
DA:37,2
DA:40,2
DA:41,2
DA:42,2
DA:43,2
DA:44,2
DA:45,6
DA:55,0
DA:56,0
DA:57,0
DA:60,2
DA:62,6
DA:63,0
DA:64,0
DA:66,2
DA:69,0
DA:70,0
DA:71,0
DA:72,0
DA:74,0
DA:75,0
DA:80,0
DA:81,0
DA:83,0
DA:84,0
DA:88,0
DA:89,0
DA:92,0
DA:93,0
DA:96,0
DA:97,0
DA:100,0
DA:101,0
DA:102,0
DA:103,0
DA:108,0
DA:109,0
DA:110,0
DA:111,0
DA:112,0
DA:113,0
DA:115,0
DA:116,0
DA:117,0
DA:118,0
DA:124,0
DA:125,0
DA:126,0
DA:127,0
DA:130,0
DA:131,0
DA:132,0
DA:133,0
DA:138,0
DA:139,0
DA:141,0
DA:142,0
DA:148,2
DA:149,4
DA:151,0
DA:152,0
DA:154,2
DA:155,6
DA:159,2
DA:160,8
DA:161,0
DA:163,2
DA:164,10
DA:167,0
DA:168,0
DA:169,0
DA:171,0
DA:172,0
DA:174,0
DA:177,0
DA:178,0
DA:179,0
DA:180,0
DA:181,0
DA:186,2
DA:189,2
DA:191,6
DA:193,2
DA:194,2
DA:195,4
DA:196,4
DA:197,2
DA:198,2
DA:199,2
DA:205,1
DA:207,3
DA:208,2
DA:209,0
DA:211,1
DA:213,2
DA:217,1
DA:218,2
DA:219,0
LF:102
LH:39
end_of_record
SF:lib\gallery\content\models\content.dart
DA:9,3
DA:16,3
DA:32,0
DA:33,0
DA:35,3
DA:36,3
DA:37,3
DA:38,3
DA:39,3
DA:40,3
DA:41,6
DA:42,3
DA:43,6
DA:44,6
DA:45,6
DA:46,3
DA:47,3
DA:48,3
DA:66,3
DA:68,3
DA:69,3
DA:70,3
DA:71,3
DA:72,3
DA:73,3
DA:74,3
DA:75,3
DA:76,3
DA:77,3
DA:78,3
DA:79,3
DA:80,3
DA:81,3
DA:85,0
DA:87,0
DA:90,2
DA:105,2
DA:106,2
DA:107,2
DA:108,2
DA:109,2
DA:110,2
DA:111,2
DA:112,2
DA:113,2
DA:114,2
DA:115,2
DA:116,2
DA:117,2
DA:118,1
DA:122,3
DA:123,3
DA:124,3
DA:125,3
DA:126,3
DA:127,3
DA:128,3
DA:129,3
DA:130,3
DA:131,3
DA:132,3
DA:133,3
DA:134,3
DA:138,0
DA:140,1
DA:142,2
DA:143,2
DA:144,2
DA:145,1
DA:146,4
DA:147,2
DA:148,2
DA:149,2
DA:150,2
DA:151,2
DA:155,0
DA:156,0
DA:162,3
LF:78
LH:71
end_of_record
SF:lib\utils\helper_bloc\content_pagination\pagination_state.dart
DA:3,3
DA:9,3
DA:33,3
DA:35,3
DA:36,3
DA:37,3
DA:38,3
DA:39,3
DA:40,3
DA:41,3
DA:42,3
DA:43,3
DA:44,3
DA:48,3
DA:60,3
DA:61,3
DA:62,3
DA:63,3
DA:64,3
DA:65,3
DA:66,3
DA:67,3
DA:68,3
DA:69,3
DA:70,3
LF:25
LH:25
end_of_record
SF:lib\acquires_page\widgets\acquires_page.dart
DA:12,0
DA:13,0
DA:15,0
DA:17,0
DA:18,0
DA:19,0
DA:22,0
LF:7
LH:0
end_of_record
SF:lib\auth\models\kala_user.dart
DA:10,3
DA:17,5
DA:28,0
DA:29,0
DA:31,0
DA:32,0
DA:33,0
DA:34,0
DA:35,0
DA:38,0
DA:39,0
DA:40,0
DA:42,0
DA:46,2
DA:50,2
DA:51,4
DA:52,2
DA:53,2
DA:54,2
DA:56,2
DA:58,6
DA:77,0
DA:79,0
DA:80,0
DA:81,0
DA:82,0
DA:83,0
DA:84,0
DA:85,0
DA:86,0
DA:87,0
DA:91,0
DA:93,0
DA:96,0
DA:97,0
DA:98,0
DA:99,0
DA:100,0
DA:101,0
DA:102,0
DA:103,0
DA:107,0
DA:109,0
DA:119,0
DA:120,0
DA:121,0
DA:122,0
DA:123,0
DA:124,0
DA:125,0
DA:126,0
DA:127,0
DA:131,0
DA:132,0
LF:54
LH:10
end_of_record
SF:lib\dashboard\widgets\dashboard_child_page.dart
DA:5,0
DA:7,0
DA:9,0
LF:3
LH:0
end_of_record
SF:lib\utils\widgets\offwhite_scaffold.dart
DA:9,0
DA:20,0
DA:21,0
DA:22,0
DA:24,0
DA:25,0
DA:27,0
DA:28,0
DA:42,0
DA:44,0
DA:46,0
DA:47,0
DA:48,0
DA:50,0
DA:51,0
DA:52,0
DA:53,0
DA:54,0
DA:57,0
DA:59,0
DA:60,0
DA:61,0
DA:62,0
DA:65,0
DA:67,0
DA:68,0
DA:69,0
DA:70,0
DA:72,0
DA:77,0
DA:79,0
DA:82,0
DA:83,0
DA:84,0
DA:86,0
DA:87,0
DA:90,0
DA:91,0
DA:92,0
DA:93,0
DA:95,0
DA:96,0
DA:97,0
DA:101,0
DA:102,0
DA:104,0
DA:105,0
DA:108,0
DA:118,3
DA:121,0
DA:126,0
DA:137,0
DA:139,0
DA:140,0
DA:143,0
DA:144,0
DA:145,0
DA:146,0
DA:153,0
DA:154,0
DA:155,0
DA:163,0
DA:164,0
DA:165,0
DA:167,0
DA:168,0
DA:169,0
DA:170,0
DA:173,0
DA:175,0
LF:70
LH:1
end_of_record
SF:lib\main.dart
DA:27,0
DA:31,0
DA:32,0
DA:33,0
DA:34,0
DA:35,0
DA:37,0
DA:39,0
DA:40,0
DA:41,0
DA:45,0
DA:48,0
DA:49,0
DA:51,0
DA:52,0
DA:53,0
DA:54,0
DA:56,0
DA:63,0
DA:74,0
DA:75,0
DA:76,0
DA:79,0
DA:84,3
DA:86,0
DA:88,0
DA:93,0
DA:94,0
DA:95,0
DA:96,0
DA:98,0
DA:100,0
DA:102,0
DA:103,0
DA:106,0
DA:108,0
DA:109,0
DA:113,0
DA:115,0
DA:116,0
DA:117,0
DA:119,0
DA:120,0
LF:43
LH:1
end_of_record
SF:lib\utils\firebase\firebase_storage.dart
DA:9,1
DA:10,1
DA:15,1
DA:21,2
DA:23,3
DA:24,2
DA:27,0
DA:28,0
DA:32,0
LF:9
LH:6
end_of_record
SF:lib\utils\firebase\firestore_update.dart
DA:7,1
DA:8,1
DA:9,1
DA:14,1
DA:20,3
DA:21,2
DA:22,1
DA:23,0
DA:24,0
DA:29,1
DA:35,3
DA:36,2
DA:37,1
DA:38,0
DA:39,0
LF:15
LH:11
end_of_record
SF:lib\artist_page\add_new_content\widgets\add_new_content_sheet.dart
DA:18,3
DA:20,0
DA:22,0
DA:23,0
DA:29,0
DA:31,0
DA:32,0
DA:33,0
DA:36,0
DA:37,0
DA:38,0
DA:40,0
DA:41,0
DA:42,0
DA:44,0
DA:45,0
DA:50,0
DA:52,0
DA:53,0
DA:54,0
DA:56,0
DA:57,0
DA:58,0
DA:63,0
DA:64,0
DA:68,0
DA:71,0
DA:76,0
DA:77,0
DA:78,0
DA:79,0
DA:81,0
DA:82,0
DA:83,0
DA:84,0
DA:88,0
DA:89,0
DA:91,0
DA:92,0
DA:93,0
DA:94,0
DA:97,0
DA:98,0
DA:101,0
DA:103,0
DA:104,0
DA:110,0
DA:111,0
DA:113,0
DA:114,0
DA:117,0
DA:118,0
DA:119,0
DA:121,0
DA:122,0
DA:126,0
DA:127,0
DA:131,0
DA:136,0
DA:137,0
DA:139,0
DA:140,0
DA:142,0
DA:145,0
DA:146,0
DA:149,0
DA:153,0
DA:154,0
LF:68
LH:1
end_of_record
SF:lib\config\theme\theme.dart
DA:8,0
DA:22,0
DA:23,0
LF:3
LH:0
end_of_record
SF:lib\gallery\content\widgets\content_image.dart
DA:15,0
DA:19,0
DA:20,0
DA:26,0
DA:27,0
DA:29,0
DA:30,0
DA:31,0
DA:32,0
DA:35,0
DA:36,0
DA:37,0
DA:38,0
DA:39,0
DA:40,0
DA:43,0
DA:44,0
DA:47,0
DA:48,0
DA:54,0
DA:56,0
DA:58,0
DA:59,0
DA:60,0
DA:62,0
DA:67,0
DA:70,0
DA:72,0
DA:73,0
DA:74,0
DA:79,0
DA:84,0
DA:86,0
DA:87,0
DA:88,0
DA:89,0
DA:90,0
DA:91,0
DA:92,0
DA:94,0
DA:96,0
DA:97,0
DA:98,0
DA:99,0
DA:100,0
DA:101,0
LF:46
LH:0
end_of_record
SF:lib\utils\widgets\buttons\curved_mono_button.dart
DA:6,0
DA:13,0
DA:21,0
DA:23,0
DA:24,0
DA:25,0
DA:26,0
DA:27,0
DA:28,0
DA:29,0
DA:30,0
DA:31,0
DA:32,0
DA:34,0
DA:35,0
DA:36,0
DA:37,0
LF:17
LH:0
end_of_record
SF:lib\utils\widgets\decors\text_input_decoration.dart
DA:4,0
DA:9,0
LF:2
LH:0
end_of_record
SF:lib\artist_page\bloc\kala_user_content_state.dart
DA:11,2
DA:21,0
DA:22,0
DA:23,0
DA:24,0
DA:26,0
DA:27,0
DA:28,0
DA:30,0
DA:42,2
DA:44,2
DA:45,2
DA:46,2
DA:47,2
DA:48,2
DA:49,2
DA:50,2
DA:54,0
DA:55,0
DA:56,0
DA:57,0
DA:60,0
DA:61,0
DA:62,0
DA:63,0
DA:64,0
DA:65,0
DA:66,0
DA:70,0
DA:72,2
DA:81,2
DA:82,2
DA:83,2
DA:84,2
DA:85,2
DA:86,1
DA:87,2
DA:88,0
LF:38
LH:17
end_of_record
SF:lib\utils\helper_bloc\content_pagination\pagination_bloc.dart
DA:15,3
DA:22,3
DA:23,3
DA:29,3
DA:30,3
DA:35,2
DA:36,2
DA:44,2
DA:45,2
DA:46,2
DA:51,2
DA:59,3
DA:63,3
DA:64,3
DA:65,0
DA:67,9
DA:68,9
DA:69,3
DA:74,0
DA:76,3
DA:77,6
DA:78,3
DA:79,3
DA:83,3
DA:84,6
DA:86,6
DA:94,3
DA:96,9
DA:97,0
DA:98,0
DA:101,3
DA:102,3
DA:103,3
DA:104,6
DA:106,3
DA:107,9
DA:109,0
DA:110,0
DA:111,0
DA:114,3
DA:115,6
DA:116,2
DA:117,4
DA:118,4
DA:126,3
DA:131,3
DA:133,9
DA:134,3
DA:135,0
DA:136,0
DA:137,9
DA:139,3
DA:140,6
DA:142,3
DA:147,2
DA:151,0
DA:152,0
DA:155,2
DA:156,2
DA:158,0
LF:60
LH:48
end_of_record
SF:lib\artist_page\widgets\artist_page.dart
DA:19,0
DA:20,0
DA:24,0
DA:26,0
DA:27,0
DA:29,0
DA:30,0
DA:31,0
DA:33,0
DA:34,0
DA:35,0
DA:36,0
DA:37,0
DA:38,0
DA:47,0
DA:49,0
DA:50,0
DA:51,0
DA:53,0
DA:54,0
DA:55,0
DA:58,0
DA:59,0
DA:62,0
DA:63,0
DA:65,0
LF:26
LH:0
end_of_record
SF:lib\artist_page\widgets\bio.dart
DA:15,3
DA:17,0
DA:18,0
DA:24,0
DA:26,0
DA:27,0
DA:28,0
DA:29,0
DA:32,0
DA:33,0
DA:34,0
DA:35,0
DA:36,0
DA:37,0
DA:39,0
DA:40,0
DA:41,0
DA:42,0
DA:44,0
DA:45,0
DA:46,0
DA:49,0
DA:50,0
DA:51,0
DA:56,0
DA:57,0
DA:58,0
DA:60,0
DA:61,0
DA:65,0
DA:66,0
DA:69,0
DA:75,0
DA:77,0
DA:78,0
DA:80,0
LF:36
LH:1
end_of_record
SF:lib\artist_page\widgets\cover\cover_widget.dart
DA:18,3
DA:20,0
DA:22,0
DA:23,0
DA:24,0
DA:25,0
DA:26,0
DA:27,0
DA:28,0
DA:30,0
DA:33,0
DA:34,0
DA:36,0
DA:44,3
DA:46,0
DA:48,0
DA:49,0
DA:50,0
DA:51,0
DA:52,0
DA:56,0
DA:57,0
DA:59,0
DA:60,0
DA:64,0
DA:65,0
DA:67,0
DA:69,0
DA:70,0
DA:72,0
DA:73,0
DA:74,0
DA:75,0
DA:79,0
LF:34
LH:2
end_of_record
SF:lib\artist_page\widgets\keys\artist_page\gallery_grid.dart
DA:9,0
DA:11,0
DA:12,0
DA:13,0
DA:14,0
DA:16,0
DA:17,0
DA:21,0
DA:25,0
DA:26,0
DA:27,0
DA:29,0
DA:34,0
LF:13
LH:0
end_of_record
SF:lib\utils\io\scan_image.dart
DA:9,0
DA:11,0
DA:13,0
DA:15,0
DA:17,0
LF:5
LH:0
end_of_record
SF:lib\gallery\widgets\gallery_view\gallery_scroll.dart
DA:11,3
DA:13,0
DA:15,0
DA:16,0
DA:22,0
DA:24,0
DA:25,0
DA:26,0
DA:27,0
DA:28,0
DA:29,0
DA:30,0
DA:39,0
DA:41,0
DA:42,0
DA:43,0
DA:44,0
DA:47,0
DA:50,0
DA:51,0
DA:53,0
DA:54,0
DA:63,0
DA:66,0
DA:70,0
DA:72,0
DA:73,0
DA:74,0
LF:28
LH:1
end_of_record
SF:lib\auth\social_integration\auth_types.dart
DA:5,0
DA:6,0
LF:2
LH:0
end_of_record
SF:lib\auth\social_integration\google.dart
DA:7,0
DA:10,0
DA:13,0
DA:16,0
DA:17,0
DA:18,0
DA:23,0
DA:24,0
DA:25,0
DA:26,0
DA:31,0
DA:33,0
DA:36,0
DA:37,0
DA:39,0
LF:15
LH:0
end_of_record
SF:lib\auth\widgets\auth_btn.dart
DA:8,0
DA:11,0
DA:15,0
DA:17,0
DA:18,0
DA:19,0
DA:20,0
DA:21,0
DA:22,0
DA:23,0
DA:24,0
DA:25,0
LF:12
LH:0
end_of_record
SF:lib\auth\widgets\auth_page.dart
DA:14,3
DA:16,0
DA:17,0
DA:21,0
DA:23,0
DA:25,0
DA:26,0
DA:27,0
DA:28,0
DA:31,0
DA:32,0
DA:33,0
DA:34,0
DA:35,0
DA:42,0
DA:43,0
DA:44,0
DA:45,0
DA:47,0
DA:49,0
DA:51,0
DA:52,0
DA:54,0
DA:55,0
DA:58,0
LF:25
LH:1
end_of_record
SF:lib\config\firebase\firebase.dart
DA:6,0
DA:16,0
DA:21,0
DA:22,0
DA:23,0
DA:24,0
LF:6
LH:0
end_of_record
SF:lib\config\nav\router.dart
DA:8,0
DA:9,0
DA:10,0
DA:11,0
DA:12,0
DA:17,0
DA:19,0
DA:21,0
DA:23,0
LF:9
LH:0
end_of_record
SF:lib\dashboard\widgets\dashboard_page.dart
DA:10,3
DA:12,0
DA:13,0
DA:19,0
DA:21,0
DA:24,0
DA:26,0
DA:27,0
DA:28,0
DA:31,0
DA:33,0
DA:34,0
DA:35,0
DA:36,0
DA:38,0
DA:39,0
LF:16
LH:1
end_of_record
SF:lib\startup\splash.dart
DA:16,6
DA:18,0
DA:19,0
DA:25,0
DA:27,0
DA:28,0
DA:31,0
DA:33,0
DA:34,0
DA:35,0
DA:36,0
DA:40,0
DA:48,0
DA:50,0
DA:51,0
DA:52,0
DA:53,0
DA:54,0
DA:55,0
DA:56,0
DA:63,0
DA:64,0
DA:69,0
DA:76,3
DA:78,0
DA:80,0
DA:82,0
DA:84,0
DA:85,0
DA:86,0
DA:87,0
DA:89,0
DA:90,0
DA:91,0
DA:92,0
DA:95,0
DA:96,0
DA:97,0
DA:98,0
LF:39
LH:2
end_of_record
SF:lib\config\size\size.dart
DA:6,0
DA:10,0
LF:2
LH:0
end_of_record
SF:lib\config\theme\text_styles\body.dart
DA:7,0
DA:9,0
DA:11,0
DA:17,0
DA:21,0
LF:5
LH:0
end_of_record
SF:lib\config\theme\text_styles\button.dart
DA:6,0
LF:1
LH:0
end_of_record
SF:lib\config\theme\text_styles\heading.dart
DA:6,0
DA:8,0
DA:11,0
LF:3
LH:0
end_of_record
SF:lib\config\widget_keys\nav_keys.dart
DA:4,0
DA:8,0
LF:2
LH:0
end_of_record
SF:lib\gallery\widgets\page\gallery_page.dart
DA:10,0
DA:11,0
DA:13,0
DA:15,0
DA:19,0
LF:5
LH:0
end_of_record
SF:lib\firebase_options.dart
DA:18,0
DA:23,0
DA:24,0
DA:26,0
DA:27,0
DA:31,0
DA:32,0
DA:38,0
LF:8
LH:0
end_of_record
SF:lib\gallery\bloc\gallery_slide_state.dart
DA:9,5
DA:15,2
DA:21,2
DA:22,6
DA:25,0
DA:27,0
DA:30,2
DA:36,2
DA:37,0
LF:9
LH:6
end_of_record
SF:lib\utils\firebase\page_data.dart
DA:11,6
DA:20,0
DA:26,0
DA:27,0
DA:28,0
DA:31,0
DA:32,0
DA:34,0
DA:36,0
DA:38,0
DA:43,0
DA:44,0
DA:45,0
DA:46,0
LF:14
LH:1
end_of_record
SF:lib\gallery\content\bloc\content_bloc.dart
DA:5,0
LF:1
LH:0
end_of_record
SF:lib\gallery\content\widgets\content_card.dart
DA:17,3
DA:19,0
DA:21,0
DA:23,0
DA:24,0
DA:26,0
DA:27,0
DA:28,0
DA:29,0
DA:30,0
DA:32,0
DA:33,0
DA:34,0
DA:35,0
DA:36,0
DA:37,0
DA:38,0
DA:41,0
DA:43,0
DA:44,0
DA:45,0
DA:47,0
DA:48,0
DA:49,0
DA:51,0
DA:52,0
DA:53,0
DA:54,0
DA:56,0
DA:59,0
DA:60,0
DA:61,0
DA:62,0
DA:63,0
DA:66,0
DA:68,0
DA:69,0
DA:76,0
DA:77,0
DA:79,0
DA:80,0
DA:82,0
DA:83,0
DA:85,0
DA:86,0
DA:88,0
DA:98,0
DA:102,3
DA:104,0
DA:106,0
DA:108,0
DA:109,0
DA:110,0
DA:111,0
DA:112,0
DA:114,0
DA:117,0
DA:118,0
DA:119,0
DA:120,0
DA:121,0
DA:122,0
DA:123,0
DA:124,0
DA:126,0
DA:129,0
DA:131,0
DA:132,0
DA:133,0
DA:134,0
DA:139,0
DA:140,0
DA:141,0
LF:73
LH:2
end_of_record
SF:lib\gallery\content\widgets\empty_content.dart
DA:13,3
DA:15,0
DA:16,0
DA:17,0
DA:19,0
DA:21,0
DA:22,0
DA:23,0
DA:25,0
DA:26,0
DA:28,0
DA:29,0
DA:30,0
DA:31,0
DA:35,0
DA:36,0
DA:38,0
DA:39,0
DA:43,0
DA:53,0
DA:54,0
LF:21
LH:1
end_of_record
SF:lib\gallery\content\widgets\keys.dart
DA:4,0
DA:5,0
LF:2
LH:0
end_of_record
SF:lib\gallery\widgets\gallery_view\gallery_container.dart
DA:7,3
DA:9,0
DA:11,0
DA:12,0
DA:14,0
DA:15,0
LF:6
LH:1
end_of_record
SF:lib\utils\firebase\crashlytics.dart
DA:5,0
DA:6,0
DA:12,0
DA:14,0
LF:4
LH:0
end_of_record
SF:lib\utils\firebase\firestore_get.dart
DA:14,3
DA:15,3
DA:16,5
DA:21,3
DA:27,9
DA:30,3
DA:31,6
DA:32,6
DA:33,4
DA:34,4
DA:36,3
DA:37,3
DA:38,3
DA:41,6
DA:47,6
DA:48,0
DA:49,0
DA:52,0
DA:54,6
DA:62,3
DA:64,3
DA:66,6
DA:67,6
DA:69,0
DA:70,0
DA:74,3
DA:81,3
DA:82,9
DA:84,1
DA:85,3
DA:87,0
DA:88,0
DA:89,0
DA:90,0
DA:91,0
DA:92,0
DA:94,0
DA:95,0
DA:96,0
DA:97,0
DA:98,0
DA:99,0
DA:105,3
DA:106,3
DA:107,6
DA:108,3
DA:115,3
LF:47
LH:30
end_of_record
